

***********************************************************************
Fatal NI connect error 12545, connecting to:
 (DESCRIPTION=(ADDRESS=(PROTOCOL=TCP)(HOST=202.116.104.76:1521)(PORT=1521))(CONNECT_DATA=(SID=NIP)(CID=(PROGRAM=E:\40.IT\Bidirectionalinterface\SourceCode\BI\Daan.Interface.Services\bin\Release\Daan.Interface.Services.exe)(HOST=DAAN-XXB-YHL)(USER=Administrator))))

  VERSION INFORMATION:
	TNS for 32-bit Windows: Version 10.2.0.1.0 - Production
	Windows NT TCP/IP NT Protocol Adapter for 32-bit Windows: Version 10.2.0.1.0 - Production
  Time: 05-6月 -2014 14:33:23
  Tracing not turned on.
  Tns error struct:
    ns main err code: 12545
    TNS-12545: 因目标主机或对象不存在, 连接失败
    ns secondary err code: 12560
    nt main err code: 515
    TNS-00515: 因目标主机或对象不存在, 连接失败
    nt secondary err code: 1004
    nt OS err code: 0


***********************************************************************
Fatal NI connect error 12545, connecting to:
 (DESCRIPTION=(ADDRESS=(PROTOCOL=TCP)(HOST=202.116.104.76:1521)(PORT=1521))(CONNECT_DATA=(SID=NIP)(CID=(PROGRAM=E:\40.IT\Bidirectionalinterface\SourceCode\BI\Daan.Interface.Services\bin\Release\Daan.Interface.Services.exe)(HOST=DAAN-XXB-YHL)(USER=Administrator))))

  VERSION INFORMATION:
	TNS for 32-bit Windows: Version 10.2.0.1.0 - Production
	Windows NT TCP/IP NT Protocol Adapter for 32-bit Windows: Version 10.2.0.1.0 - Production
  Time: 05-6月 -2014 14:33:37
  Tracing not turned on.
  Tns error struct:
    ns main err code: 12545
    TNS-12545: 因目标主机或对象不存在, 连接失败
    ns secondary err code: 12560
    nt main err code: 515
    TNS-00515: 因目标主机或对象不存在, 连接失败
    nt secondary err code: 1004
    nt OS err code: 0
