

***********************************************************************
Fatal NI connect error 12545, connecting to:
 (DESCRIPTION=(ADDRESS=(PROTOCOL=TCP)(HOST=LIMS)(PORT=1521))(CONNECT_DATA=(SID=lis9)(CID=(PROGRAM=E:\40.IT\Bidirectionalinterface\SourceCode\BI\Daan.LIMS.Manage\bin\Release\Daan.LIMS.Manage.vshost.exe)(HOST=DAAN-XXB-YHL)(USER=Administrator))))

  VERSION INFORMATION:
	TNS for 32-bit Windows: Version 10.2.0.1.0 - Production
	Windows NT TCP/IP NT Protocol Adapter for 32-bit Windows: Version 10.2.0.1.0 - Production
  Time: 21-5月 -2014 13:57:49
  Tracing not turned on.
  Tns error struct:
    ns main err code: 12545
    TNS-12545: 因目标主机或对象不存在, 连接失败
    ns secondary err code: 12560
    nt main err code: 515
    TNS-00515: 因目标主机或对象不存在, 连接失败
    nt secondary err code: 1004
    nt OS err code: 0


***********************************************************************
Fatal NI connect error 12545, connecting to:
 (DESCRIPTION=(ADDRESS=(PROTOCOL=TCP)(HOST=202.116.104.9:1521)(PORT=1521))(CONNECT_DATA=(SID=lis9)(CID=(PROGRAM=E:\40.IT\Bidirectionalinterface\SourceCode\BI\Daan.LIMS.Manage\bin\Release\Daan.LIMS.Manage.vshost.exe)(HOST=DAAN-XXB-YHL)(USER=Administrator))))

  VERSION INFORMATION:
	TNS for 32-bit Windows: Version 10.2.0.1.0 - Production
	Windows NT TCP/IP NT Protocol Adapter for 32-bit Windows: Version 10.2.0.1.0 - Production
  Time: 21-5月 -2014 13:58:05
  Tracing not turned on.
  Tns error struct:
    ns main err code: 12545
    TNS-12545: 因目标主机或对象不存在, 连接失败
    ns secondary err code: 12560
    nt main err code: 515
    TNS-00515: 因目标主机或对象不存在, 连接失败
    nt secondary err code: 1004
    nt OS err code: 0


***********************************************************************
Fatal NI connect error 12505, connecting to:
 (DESCRIPTION=(ADDRESS=(PROTOCOL=TCP)(HOST=202.116.104.9)(PORT=1521))(CONNECT_DATA=(SID=lis9)(CID=(PROGRAM=E:\40.IT\Bidirectionalinterface\SourceCode\BI\Daan.LIMS.Manage\bin\Release\Daan.LIMS.Manage.vshost.exe)(HOST=DAAN-XXB-YHL)(USER=Administrator))))

  VERSION INFORMATION:
	TNS for 32-bit Windows: Version 10.2.0.1.0 - Production
	Windows NT TCP/IP NT Protocol Adapter for 32-bit Windows: Version 10.2.0.1.0 - Production
  Time: 21-5月 -2014 13:58:11
  Tracing not turned on.
  Tns error struct:
    ns main err code: 12564
    TNS-12564: TNS: 拒绝连接
    ns secondary err code: 0
    nt main err code: 0
    nt secondary err code: 0
    nt OS err code: 0


***********************************************************************
Fatal NI connect error 12505, connecting to:
 (DESCRIPTION=(ADDRESS=(PROTOCOL=TCP)(HOST=202.116.104.9)(PORT=1521))(CONNECT_DATA=(SID=lis9)(CID=(PROGRAM=E:\40.IT\Bidirectionalinterface\SourceCode\BI\Daan.LIMS.Manage\bin\Release\Daan.LIMS.Manage.vshost.exe)(HOST=DAAN-XXB-YHL)(USER=Administrator))))

  VERSION INFORMATION:
	TNS for 32-bit Windows: Version 10.2.0.1.0 - Production
	Windows NT TCP/IP NT Protocol Adapter for 32-bit Windows: Version 10.2.0.1.0 - Production
  Time: 21-5月 -2014 13:58:50
  Tracing not turned on.
  Tns error struct:
    ns main err code: 12564
    TNS-12564: TNS: 拒绝连接
    ns secondary err code: 0
    nt main err code: 0
    nt secondary err code: 0
    nt OS err code: 0


***********************************************************************
Fatal NI connect error 12545, connecting to:
 (DESCRIPTION=(ADDRESS=(PROTOCOL=TCP)(HOST=202.116.104.9:1521)(PORT=1521))(CONNECT_DATA=(SID=LIS9)(CID=(PROGRAM=E:\40.IT\Bidirectionalinterface\SourceCode\BI\Daan.LIMS.Manage\bin\Release\Daan.LIMS.Manage.vshost.exe)(HOST=DAAN-XXB-YHL)(USER=Administrator))))

  VERSION INFORMATION:
	TNS for 32-bit Windows: Version 10.2.0.1.0 - Production
	Windows NT TCP/IP NT Protocol Adapter for 32-bit Windows: Version 10.2.0.1.0 - Production
  Time: 21-5月 -2014 13:59:13
  Tracing not turned on.
  Tns error struct:
    ns main err code: 12545
    TNS-12545: 因目标主机或对象不存在, 连接失败
    ns secondary err code: 12560
    nt main err code: 515
    TNS-00515: 因目标主机或对象不存在, 连接失败
    nt secondary err code: 1004
    nt OS err code: 0


***********************************************************************
Fatal NI connect error 12505, connecting to:
 (DESCRIPTION=(ADDRESS=(PROTOCOL=TCP)(HOST=202.116.104.9)(PORT=1521))(CONNECT_DATA=(SID=lis9)(CID=(PROGRAM=E:\40.IT\Bidirectionalinterface\SourceCode\BI\Daan.LIMS.Manage\bin\Release\Daan.LIMS.Manage.exe)(HOST=DAAN-XXB-YHL)(USER=Administrator))))

  VERSION INFORMATION:
	TNS for 32-bit Windows: Version 10.2.0.1.0 - Production
	Windows NT TCP/IP NT Protocol Adapter for 32-bit Windows: Version 10.2.0.1.0 - Production
  Time: 23-5月 -2014 10:17:46
  Tracing not turned on.
  Tns error struct:
    ns main err code: 12564
    TNS-12564: TNS: 拒绝连接
    ns secondary err code: 0
    nt main err code: 0
    nt secondary err code: 0
    nt OS err code: 0


***********************************************************************
Fatal NI connect error 12545, connecting to:
 (DESCRIPTION=(ADDRESS=(PROTOCOL=TCP)(HOST=nip)(PORT=1521))(CONNECT_DATA=(SID=limstest)(CID=(PROGRAM=E:\40.IT\Bidirectionalinterface\SourceCode\BI\Daan.LIMS.Manage\bin\Release\Daan.LIMS.Manage.exe)(HOST=DAAN-XXB-YHL)(USER=Administrator))))

  VERSION INFORMATION:
	TNS for 32-bit Windows: Version 10.2.0.1.0 - Production
	Windows NT TCP/IP NT Protocol Adapter for 32-bit Windows: Version 10.2.0.1.0 - Production
  Time: 05-6月 -2014 14:31:15
  Tracing not turned on.
  Tns error struct:
    ns main err code: 12545
    TNS-12545: 因目标主机或对象不存在, 连接失败
    ns secondary err code: 12560
    nt main err code: 515
    TNS-00515: 因目标主机或对象不存在, 连接失败
    nt secondary err code: 1004
    nt OS err code: 0


***********************************************************************
Fatal NI connect error 12545, connecting to:
 (DESCRIPTION=(ADDRESS=(PROTOCOL=TCP)(HOST=nip)(PORT=1521))(CONNECT_DATA=(SID=limstest)(CID=(PROGRAM=E:\40.IT\Bidirectionalinterface\SourceCode\BI\Daan.LIMS.Manage\bin\Release\Daan.LIMS.Manage.exe)(HOST=DAAN-XXB-YHL)(USER=Administrator))))

  VERSION INFORMATION:
	TNS for 32-bit Windows: Version 10.2.0.1.0 - Production
	Windows NT TCP/IP NT Protocol Adapter for 32-bit Windows: Version 10.2.0.1.0 - Production
  Time: 05-6月 -2014 14:31:42
  Tracing not turned on.
  Tns error struct:
    ns main err code: 12545
    TNS-12545: 因目标主机或对象不存在, 连接失败
    ns secondary err code: 12560
    nt main err code: 515
    TNS-00515: 因目标主机或对象不存在, 连接失败
    nt secondary err code: 1004
    nt OS err code: 0


***********************************************************************
Fatal NI connect error 12170.

  VERSION INFORMATION:
	TNS for 32-bit Windows: Version 10.2.0.1.0 - Production
	Windows NT TCP/IP NT Protocol Adapter for 32-bit Windows: Version 10.2.0.1.0 - Production
  Time: 23-7月 -2014 12:41:30
  Tracing not turned on.
  Tns error struct:
    ns main err code: 12535
    TNS-12535: TNS: 操作超时
    ns secondary err code: 12560
    nt main err code: 505
    TNS-00505: 操作超时
    nt secondary err code: 60
    nt OS err code: 0
  Client address: <unknown>
